<?xml version="1.0" encoding="UTF-8"?>
<!-- Generated by org.testng.reporters.JUnitXMLReporter -->
<testsuite hostname="L005614" name="Operational Reporting Tests" tests="4" failures="0" timestamp="6 Aug 2018 14:16:28 GMT" time="146.996" errors="0">
  <testcase name="verifyShareReportToSingleUser" time="21.693" classname="com.apttus.aic.operationalReports.Tests.ManageReportTests"/>
  <testcase name="verifyShareReportToMultipleUser" time="23.539" classname="com.apttus.aic.operationalReports.Tests.ManageReportTests"/>
  <testcase name="verifyShareReportToSingleUserGroup" time="22.676" classname="com.apttus.aic.operationalReports.Tests.ManageReportTests"/>
  <testcase name="verifyShareReportToMultipleUserGroup" time="25.48" classname="com.apttus.aic.operationalReports.Tests.ManageReportTests"/>
</testsuite> <!-- Operational Reporting Tests -->
